<?xml version="1.0" encoding="UTF-8"?>
<!-- Generated by org.testng.reporters.JUnitReportReporter -->
<testsuite hostname="LAPTOP-6RQ1AS2M" failures="0" tests="1" name="Sample_Extent_Report.Extent_Report_1" time="8.598" errors="0" timestamp="2022-11-22T18:14:26 IST" skipped="0">
  <testcase classname="Sample_Extent_Report.Extent_Report_1" name="Report_Demo" time="8.598"/>
  <system-out/>
</testsuite> <!-- Sample_Extent_Report.Extent_Report_1 -->
